<?xml version="1.0" encoding="UTF-8"?>
<testsuite name="org.example.CourseAppTest" tests="1" skipped="0" failures="0" errors="0" timestamp="2024-05-13T15:18:32" hostname="DESKTOP-QBF7143" time="0.518">
  <properties/>
  <testcase name="contextLoads()" classname="org.example.CourseAppTest" time="0.518"/>
  <system-out><![CDATA[18:18:14.698 [Test worker] INFO org.springframework.test.context.support.AnnotationConfigContextLoaderUtils -- Could not detect default configuration classes for test class [org.example.CourseAppTest]: CourseAppTest does not declare any static, non-private, non-final, nested classes annotated with @Configuration.
18:18:14.808 [Test worker] INFO org.springframework.boot.test.context.SpringBootTestContextBootstrapper -- Found @SpringBootConfiguration org.example.CourseApp for test class org.example.CourseAppTest

  .   ____          _            __ _ _
 /\\ / ___'_ __ _ _(_)_ __  __ _ \ \ \ \
( ( )\___ | '_ | '_| | '_ \/ _` | \ \ \ \
 \\/  ___)| |_)| | | | | || (_| |  ) ) ) )
  '  |____| .__|_| |_|_| |_\__, | / / / /
 =========|_|==============|___/=/_/_/_/
 :: Spring Boot ::                (v3.2.0)

2024-05-13T18:18:15.437+03:00  INFO 12492 --- [    Test worker] org.example.CourseAppTest                : Starting CourseAppTest using Java 18.0.2.1 with PID 12492 (started by 79180 in C:\Users\79180\IdeaProjects\java_kursach)
2024-05-13T18:18:15.437+03:00  INFO 12492 --- [    Test worker] org.example.CourseAppTest                : No active profile set, falling back to 1 default profile: "default"
2024-05-13T18:18:16.058+03:00  INFO 12492 --- [    Test worker] .s.d.r.c.RepositoryConfigurationDelegate : Bootstrapping Spring Data JPA repositories in DEFAULT mode.
2024-05-13T18:18:16.121+03:00  INFO 12492 --- [    Test worker] .s.d.r.c.RepositoryConfigurationDelegate : Finished Spring Data repository scanning in 56 ms. Found 4 JPA repository interfaces.
2024-05-13T18:18:17.147+03:00  INFO 12492 --- [    Test worker] o.hibernate.jpa.internal.util.LogHelper  : HHH000204: Processing PersistenceUnitInfo [name: default]
2024-05-13T18:18:17.226+03:00  INFO 12492 --- [    Test worker] org.hibernate.Version                    : HHH000412: Hibernate ORM core version 6.4.4.Final
2024-05-13T18:18:17.257+03:00  INFO 12492 --- [    Test worker] o.h.c.internal.RegionFactoryInitiator    : HHH000026: Second-level cache disabled
2024-05-13T18:18:17.541+03:00  INFO 12492 --- [    Test worker] o.s.o.j.p.SpringPersistenceUnitInfo      : No LoadTimeWeaver setup: ignoring JPA class transformer
2024-05-13T18:18:17.572+03:00  INFO 12492 --- [    Test worker] com.zaxxer.hikari.HikariDataSource       : HikariPool-1 - Starting...
2024-05-13T18:18:20.564+03:00  INFO 12492 --- [    Test worker] com.zaxxer.hikari.pool.HikariPool        : HikariPool-1 - Added connection org.postgresql.jdbc.PgConnection@5ae66c98
2024-05-13T18:18:20.566+03:00  INFO 12492 --- [    Test worker] com.zaxxer.hikari.HikariDataSource       : HikariPool-1 - Start completed.
2024-05-13T18:18:22.921+03:00  INFO 12492 --- [    Test worker] o.h.e.t.j.p.i.JtaPlatformInitiator       : HHH000489: No JTA platform available (set 'hibernate.transaction.jta.platform' to enable JTA platform integration)
2024-05-13T18:18:30.588+03:00  INFO 12492 --- [    Test worker] j.LocalContainerEntityManagerFactoryBean : Initialized JPA EntityManagerFactory for persistence unit 'default'
2024-05-13T18:18:31.226+03:00  INFO 12492 --- [    Test worker] f.a.AutowiredAnnotationBeanPostProcessor : Autowired annotation is not supported on static fields: private static final org.slf4j.Logger org.example.controllers.ProductController.log
2024-05-13T18:18:31.824+03:00  INFO 12492 --- [    Test worker] o.s.s.web.DefaultSecurityFilterChain     : Will secure any request with [org.springframework.security.web.session.DisableEncodeUrlFilter@361d169a, org.springframework.security.web.context.request.async.WebAsyncManagerIntegrationFilter@47a68e3f, org.springframework.security.web.context.SecurityContextHolderFilter@25bd68ea, org.springframework.security.web.header.HeaderWriterFilter@2b3ee95e, org.springframework.security.web.authentication.logout.LogoutFilter@5c960f64, org.springframework.security.web.authentication.UsernamePasswordAuthenticationFilter@6d2693f, org.springframework.security.web.savedrequest.RequestCacheAwareFilter@37aec9b, org.springframework.security.web.servletapi.SecurityContextHolderAwareRequestFilter@34538ffe, org.springframework.security.web.authentication.AnonymousAuthenticationFilter@52288c65, org.springframework.security.web.access.ExceptionTranslationFilter@2b9a7211, org.springframework.security.web.access.intercept.AuthorizationFilter@fefd4a2]
2024-05-13T18:18:32.343+03:00  INFO 12492 --- [    Test worker] org.example.CourseAppTest                : Started CourseAppTest in 17.283 seconds (process running for 18.703)
]]></system-out>
  <system-err><![CDATA[]]></system-err>
</testsuite>
